{"/Users/christopherpeakin/projects/javascript-basics/src/arrays.js": {"path":"/Users/christopherpeakin/projects/javascript-basics/src/arrays.js","statementMap":{"0":{"start":{"line":1,"column":22},"end":{"line":7,"column":1}},"1":{"start":{"line":2,"column":2},"end":{"line":6,"column":3}},"2":{"start":{"line":3,"column":2},"end":{"line":3,"column":37}},"3":{"start":{"line":5,"column":2},"end":{"line":5,"column":22}},"4":{"start":{"line":9,"column":25},"end":{"line":11,"column":1}},"5":{"start":{"line":10,"column":2},"end":{"line":10,"column":26}},"6":{"start":{"line":13,"column":25},"end":{"line":15,"column":1}},"7":{"start":{"line":14,"column":2},"end":{"line":14,"column":27}},"8":{"start":{"line":17,"column":19},"end":{"line":19,"column":1}},"9":{"start":{"line":18,"column":2},"end":{"line":18,"column":22}},"10":{"start":{"line":21,"column":20},"end":{"line":24,"column":1}},"11":{"start":{"line":22,"column":17},"end":{"line":22,"column":38}},"12":{"start":{"line":23,"column":2},"end":{"line":23,"column":16}},"13":{"start":{"line":26,"column":25},"end":{"line":28,"column":1}},"14":{"start":{"line":27,"column":2},"end":{"line":27,"column":32}},"15":{"start":{"line":30,"column":25},"end":{"line":36,"column":1}},"16":{"start":{"line":31,"column":16},"end":{"line":31,"column":18}},"17":{"start":{"line":32,"column":2},"end":{"line":34,"column":3}},"18":{"start":{"line":32,"column":15},"end":{"line":32,"column":16}},"19":{"start":{"line":33,"column":4},"end":{"line":33,"column":40}},"20":{"start":{"line":35,"column":2},"end":{"line":35,"column":17}},"21":{"start":{"line":38,"column":30},"end":{"line":44,"column":1}},"22":{"start":{"line":39,"column":23},"end":{"line":39,"column":25}},"23":{"start":{"line":40,"column":2},"end":{"line":42,"column":3}},"24":{"start":{"line":40,"column":15},"end":{"line":40,"column":16}},"25":{"start":{"line":41,"column":4},"end":{"line":41,"column":50}},"26":{"start":{"line":43,"column":2},"end":{"line":43,"column":24}},"27":{"start":{"line":46,"column":28},"end":{"line":62,"column":1}},"28":{"start":{"line":50,"column":22},"end":{"line":50,"column":24}},"29":{"start":{"line":52,"column":2},"end":{"line":60,"column":3}},"30":{"start":{"line":52,"column":15},"end":{"line":52,"column":16}},"31":{"start":{"line":55,"column":23},"end":{"line":55,"column":25}},"32":{"start":{"line":56,"column":4},"end":{"line":58,"column":5}},"33":{"start":{"line":56,"column":17},"end":{"line":56,"column":38}},"34":{"start":{"line":57,"column":6},"end":{"line":57,"column":36}},"35":{"start":{"line":59,"column":4},"end":{"line":59,"column":37}},"36":{"start":{"line":61,"column":2},"end":{"line":61,"column":23}},"37":{"start":{"line":64,"column":17},"end":{"line":74,"column":1}},"38":{"start":{"line":65,"column":20},"end":{"line":65,"column":22}},"39":{"start":{"line":66,"column":2},"end":{"line":72,"column":3}},"40":{"start":{"line":66,"column":15},"end":{"line":66,"column":16}},"41":{"start":{"line":69,"column":4},"end":{"line":71,"column":5}},"42":{"start":{"line":70,"column":6},"end":{"line":70,"column":35}},"43":{"start":{"line":73,"column":2},"end":{"line":73,"column":21}},"44":{"start":{"line":76,"column":26},"end":{"line":80,"column":1}},"45":{"start":{"line":77,"column":21},"end":{"line":77,"column":31}},"46":{"start":{"line":78,"column":2},"end":{"line":78,"column":32}},"47":{"start":{"line":79,"column":2},"end":{"line":79,"column":22}},"48":{"start":{"line":82,"column":35},"end":{"line":88,"column":1}},"49":{"start":{"line":87,"column":2},"end":{"line":87,"column":54}},"50":{"start":{"line":87,"column":31},"end":{"line":87,"column":52}},"51":{"start":{"line":90,"column":21},"end":{"line":101,"column":1}},"52":{"start":{"line":91,"column":24},"end":{"line":91,"column":26}},"53":{"start":{"line":95,"column":2},"end":{"line":99,"column":3}},"54":{"start":{"line":96,"column":4},"end":{"line":98,"column":5}},"55":{"start":{"line":97,"column":6},"end":{"line":97,"column":34}},"56":{"start":{"line":100,"column":2},"end":{"line":100,"column":25}},"57":{"start":{"line":103,"column":19},"end":{"line":110,"column":1}},"58":{"start":{"line":104,"column":12},"end":{"line":104,"column":13}},"59":{"start":{"line":106,"column":2},"end":{"line":108,"column":3}},"60":{"start":{"line":106,"column":15},"end":{"line":106,"column":16}},"61":{"start":{"line":107,"column":4},"end":{"line":107,"column":22}},"62":{"start":{"line":109,"column":2},"end":{"line":109,"column":13}},"63":{"start":{"line":112,"column":25},"end":{"line":117,"column":1}},"64":{"start":{"line":113,"column":17},"end":{"line":113,"column":19}},"65":{"start":{"line":114,"column":2},"end":{"line":116,"column":3}},"66":{"start":{"line":114,"column":15},"end":{"line":114,"column":16}},"67":{"start":{"line":119,"column":0},"end":{"line":135,"column":2}}},"fnMap":{"0":{"name":"(anonymous_0)","decl":{"start":{"line":1,"column":22},"end":{"line":1,"column":23}},"loc":{"start":{"line":1,"column":40},"end":{"line":7,"column":1}},"line":1},"1":{"name":"(anonymous_1)","decl":{"start":{"line":9,"column":25},"end":{"line":9,"column":26}},"loc":{"start":{"line":9,"column":34},"end":{"line":11,"column":1}},"line":9},"2":{"name":"(anonymous_2)","decl":{"start":{"line":13,"column":25},"end":{"line":13,"column":26}},"loc":{"start":{"line":13,"column":35},"end":{"line":15,"column":1}},"line":13},"3":{"name":"(anonymous_3)","decl":{"start":{"line":17,"column":19},"end":{"line":17,"column":20}},"loc":{"start":{"line":17,"column":39},"end":{"line":19,"column":1}},"line":17},"4":{"name":"(anonymous_4)","decl":{"start":{"line":21,"column":20},"end":{"line":21,"column":21}},"loc":{"start":{"line":21,"column":40},"end":{"line":24,"column":1}},"line":21},"5":{"name":"(anonymous_5)","decl":{"start":{"line":26,"column":25},"end":{"line":26,"column":26}},"loc":{"start":{"line":26,"column":43},"end":{"line":28,"column":1}},"line":26},"6":{"name":"(anonymous_6)","decl":{"start":{"line":30,"column":25},"end":{"line":30,"column":26}},"loc":{"start":{"line":30,"column":36},"end":{"line":36,"column":1}},"line":30},"7":{"name":"(anonymous_7)","decl":{"start":{"line":38,"column":30},"end":{"line":38,"column":31}},"loc":{"start":{"line":38,"column":41},"end":{"line":44,"column":1}},"line":38},"8":{"name":"(anonymous_8)","decl":{"start":{"line":46,"column":28},"end":{"line":46,"column":29}},"loc":{"start":{"line":46,"column":39},"end":{"line":62,"column":1}},"line":46},"9":{"name":"(anonymous_9)","decl":{"start":{"line":64,"column":17},"end":{"line":64,"column":18}},"loc":{"start":{"line":64,"column":28},"end":{"line":74,"column":1}},"line":64},"10":{"name":"(anonymous_10)","decl":{"start":{"line":76,"column":26},"end":{"line":76,"column":27}},"loc":{"start":{"line":76,"column":44},"end":{"line":80,"column":1}},"line":76},"11":{"name":"(anonymous_11)","decl":{"start":{"line":82,"column":35},"end":{"line":82,"column":36}},"loc":{"start":{"line":82,"column":46},"end":{"line":88,"column":1}},"line":82},"12":{"name":"(anonymous_12)","decl":{"start":{"line":87,"column":24},"end":{"line":87,"column":25}},"loc":{"start":{"line":87,"column":31},"end":{"line":87,"column":52}},"line":87},"13":{"name":"(anonymous_13)","decl":{"start":{"line":90,"column":21},"end":{"line":90,"column":22}},"loc":{"start":{"line":90,"column":31},"end":{"line":101,"column":1}},"line":90},"14":{"name":"(anonymous_14)","decl":{"start":{"line":103,"column":19},"end":{"line":103,"column":20}},"loc":{"start":{"line":103,"column":30},"end":{"line":110,"column":1}},"line":103},"15":{"name":"(anonymous_15)","decl":{"start":{"line":112,"column":25},"end":{"line":112,"column":26}},"loc":{"start":{"line":112,"column":36},"end":{"line":117,"column":1}},"line":112}},"branchMap":{"0":{"loc":{"start":{"line":2,"column":2},"end":{"line":6,"column":3}},"type":"if","locations":[{"start":{"line":2,"column":2},"end":{"line":6,"column":3}},{"start":{"line":4,"column":8},"end":{"line":6,"column":3}}],"line":2},"1":{"loc":{"start":{"line":69,"column":4},"end":{"line":71,"column":5}},"type":"if","locations":[{"start":{"line":69,"column":4},"end":{"line":71,"column":5}},{"start":{},"end":{}}],"line":69},"2":{"loc":{"start":{"line":96,"column":4},"end":{"line":98,"column":5}},"type":"if","locations":[{"start":{"line":96,"column":4},"end":{"line":98,"column":5}},{"start":{},"end":{}}],"line":96}},"s":{"0":1,"1":5,"2":2,"3":3,"4":1,"5":2,"6":1,"7":2,"8":1,"9":2,"10":1,"11":2,"12":2,"13":1,"14":1,"15":1,"16":1,"17":1,"18":1,"19":3,"20":1,"21":1,"22":1,"23":1,"24":1,"25":3,"26":1,"27":1,"28":1,"29":1,"30":1,"31":3,"32":3,"33":3,"34":14,"35":3,"36":1,"37":1,"38":1,"39":1,"40":1,"41":8,"42":4,"43":1,"44":1,"45":1,"46":1,"47":1,"48":1,"49":2,"50":52,"51":1,"52":2,"53":2,"54":52,"55":41,"56":2,"57":1,"58":1,"59":1,"60":1,"61":6,"62":1,"63":1,"64":0,"65":0,"66":0,"67":1},"f":{"0":5,"1":2,"2":2,"3":2,"4":2,"5":1,"6":1,"7":1,"8":1,"9":1,"10":1,"11":2,"12":52,"13":2,"14":1,"15":0},"b":{"0":[2,3],"1":[4,4],"2":[41,11]},"_coverageSchema":"1a1c01bbd47fc00a2c39e90264f33305004495a9","hash":"88b82852bc4cfc0f02748b14d0efc8fb00e2f093"}
,"/Users/christopherpeakin/projects/javascript-basics/src/booleans.js": {"path":"/Users/christopherpeakin/projects/javascript-basics/src/booleans.js","statementMap":{"0":{"start":{"line":2,"column":2},"end":{"line":6,"column":3}},"1":{"start":{"line":3,"column":4},"end":{"line":3,"column":17}},"2":{"start":{"line":4,"column":9},"end":{"line":6,"column":3}},"3":{"start":{"line":5,"column":4},"end":{"line":5,"column":16}},"4":{"start":{"line":10,"column":1},"end":{"line":14,"column":2}},"5":{"start":{"line":11,"column":3},"end":{"line":11,"column":15}},"6":{"start":{"line":13,"column":3},"end":{"line":13,"column":16}},"7":{"start":{"line":18,"column":2},"end":{"line":22,"column":3}},"8":{"start":{"line":19,"column":4},"end":{"line":19,"column":16}},"9":{"start":{"line":21,"column":4},"end":{"line":21,"column":17}},"10":{"start":{"line":26,"column":2},"end":{"line":30,"column":3}},"11":{"start":{"line":27,"column":4},"end":{"line":27,"column":16}},"12":{"start":{"line":29,"column":4},"end":{"line":29,"column":17}},"13":{"start":{"line":34,"column":2},"end":{"line":40,"column":3}},"14":{"start":{"line":35,"column":4},"end":{"line":35,"column":16}},"15":{"start":{"line":36,"column":9},"end":{"line":40,"column":3}},"16":{"start":{"line":37,"column":4},"end":{"line":37,"column":16}},"17":{"start":{"line":39,"column":4},"end":{"line":39,"column":17}},"18":{"start":{"line":44,"column":2},"end":{"line":48,"column":3}},"19":{"start":{"line":45,"column":4},"end":{"line":45,"column":16}},"20":{"start":{"line":47,"column":4},"end":{"line":47,"column":17}},"21":{"start":{"line":52,"column":2},"end":{"line":56,"column":3}},"22":{"start":{"line":53,"column":4},"end":{"line":53,"column":16}},"23":{"start":{"line":55,"column":4},"end":{"line":55,"column":17}},"24":{"start":{"line":60,"column":2},"end":{"line":64,"column":3}},"25":{"start":{"line":61,"column":4},"end":{"line":61,"column":16}},"26":{"start":{"line":63,"column":4},"end":{"line":63,"column":17}},"27":{"start":{"line":68,"column":2},"end":{"line":72,"column":3}},"28":{"start":{"line":69,"column":4},"end":{"line":69,"column":16}},"29":{"start":{"line":71,"column":4},"end":{"line":71,"column":17}},"30":{"start":{"line":76,"column":2},"end":{"line":80,"column":3}},"31":{"start":{"line":77,"column":4},"end":{"line":77,"column":16}},"32":{"start":{"line":79,"column":4},"end":{"line":79,"column":17}},"33":{"start":{"line":84,"column":2},"end":{"line":88,"column":3}},"34":{"start":{"line":85,"column":4},"end":{"line":85,"column":16}},"35":{"start":{"line":87,"column":4},"end":{"line":87,"column":17}},"36":{"start":{"line":92,"column":2},"end":{"line":92,"column":28}},"37":{"start":{"line":93,"column":2},"end":{"line":97,"column":3}},"38":{"start":{"line":94,"column":4},"end":{"line":94,"column":16}},"39":{"start":{"line":96,"column":4},"end":{"line":96,"column":17}},"40":{"start":{"line":101,"column":2},"end":{"line":105,"column":3}},"41":{"start":{"line":102,"column":4},"end":{"line":102,"column":16}},"42":{"start":{"line":104,"column":4},"end":{"line":104,"column":17}},"43":{"start":{"line":109,"column":26},"end":{"line":109,"column":36}},"44":{"start":{"line":110,"column":2},"end":{"line":112,"column":3}},"45":{"start":{"line":111,"column":4},"end":{"line":111,"column":16}},"46":{"start":{"line":116,"column":2},"end":{"line":118,"column":3}},"47":{"start":{"line":117,"column":4},"end":{"line":117,"column":16}},"48":{"start":{"line":121,"column":0},"end":{"line":137,"column":2}}},"fnMap":{"0":{"name":"negate","decl":{"start":{"line":1,"column":9},"end":{"line":1,"column":15}},"loc":{"start":{"line":1,"column":19},"end":{"line":7,"column":1}},"line":1},"1":{"name":"both","decl":{"start":{"line":9,"column":9},"end":{"line":9,"column":13}},"loc":{"start":{"line":9,"column":20},"end":{"line":15,"column":1}},"line":9},"2":{"name":"either","decl":{"start":{"line":17,"column":9},"end":{"line":17,"column":15}},"loc":{"start":{"line":17,"column":22},"end":{"line":23,"column":1}},"line":17},"3":{"name":"none","decl":{"start":{"line":25,"column":9},"end":{"line":25,"column":13}},"loc":{"start":{"line":25,"column":20},"end":{"line":31,"column":1}},"line":25},"4":{"name":"one","decl":{"start":{"line":33,"column":9},"end":{"line":33,"column":12}},"loc":{"start":{"line":33,"column":19},"end":{"line":41,"column":1}},"line":33},"5":{"name":"truthiness","decl":{"start":{"line":43,"column":9},"end":{"line":43,"column":19}},"loc":{"start":{"line":43,"column":23},"end":{"line":49,"column":1}},"line":43},"6":{"name":"isEqual","decl":{"start":{"line":51,"column":9},"end":{"line":51,"column":16}},"loc":{"start":{"line":51,"column":23},"end":{"line":57,"column":1}},"line":51},"7":{"name":"isGreaterThan","decl":{"start":{"line":59,"column":9},"end":{"line":59,"column":22}},"loc":{"start":{"line":59,"column":29},"end":{"line":65,"column":1}},"line":59},"8":{"name":"isLessThanOrEqualTo","decl":{"start":{"line":67,"column":9},"end":{"line":67,"column":28}},"loc":{"start":{"line":67,"column":35},"end":{"line":73,"column":1}},"line":67},"9":{"name":"isOdd","decl":{"start":{"line":75,"column":9},"end":{"line":75,"column":14}},"loc":{"start":{"line":75,"column":18},"end":{"line":81,"column":1}},"line":75},"10":{"name":"isEven","decl":{"start":{"line":83,"column":9},"end":{"line":83,"column":15}},"loc":{"start":{"line":83,"column":19},"end":{"line":89,"column":1}},"line":83},"11":{"name":"isSquare","decl":{"start":{"line":91,"column":9},"end":{"line":91,"column":17}},"loc":{"start":{"line":91,"column":21},"end":{"line":98,"column":1}},"line":91},"12":{"name":"startsWith","decl":{"start":{"line":100,"column":9},"end":{"line":100,"column":19}},"loc":{"start":{"line":100,"column":34},"end":{"line":106,"column":1}},"line":100},"13":{"name":"containsVowels","decl":{"start":{"line":108,"column":9},"end":{"line":108,"column":23}},"loc":{"start":{"line":108,"column":32},"end":{"line":113,"column":1}},"line":108},"14":{"name":"isLowerCase","decl":{"start":{"line":115,"column":9},"end":{"line":115,"column":20}},"loc":{"start":{"line":115,"column":29},"end":{"line":119,"column":1}},"line":115}},"branchMap":{"0":{"loc":{"start":{"line":2,"column":2},"end":{"line":6,"column":3}},"type":"if","locations":[{"start":{"line":2,"column":2},"end":{"line":6,"column":3}},{"start":{"line":4,"column":9},"end":{"line":6,"column":3}}],"line":2},"1":{"loc":{"start":{"line":4,"column":9},"end":{"line":6,"column":3}},"type":"if","locations":[{"start":{"line":4,"column":9},"end":{"line":6,"column":3}},{"start":{},"end":{}}],"line":4},"2":{"loc":{"start":{"line":10,"column":1},"end":{"line":14,"column":2}},"type":"if","locations":[{"start":{"line":10,"column":1},"end":{"line":14,"column":2}},{"start":{"line":12,"column":8},"end":{"line":14,"column":2}}],"line":10},"3":{"loc":{"start":{"line":10,"column":5},"end":{"line":10,"column":33}},"type":"binary-expr","locations":[{"start":{"line":10,"column":6},"end":{"line":10,"column":16}},{"start":{"line":10,"column":22},"end":{"line":10,"column":32}}],"line":10},"4":{"loc":{"start":{"line":18,"column":2},"end":{"line":22,"column":3}},"type":"if","locations":[{"start":{"line":18,"column":2},"end":{"line":22,"column":3}},{"start":{"line":20,"column":9},"end":{"line":22,"column":3}}],"line":18},"5":{"loc":{"start":{"line":18,"column":6},"end":{"line":18,"column":34}},"type":"binary-expr","locations":[{"start":{"line":18,"column":7},"end":{"line":18,"column":17}},{"start":{"line":18,"column":23},"end":{"line":18,"column":33}}],"line":18},"6":{"loc":{"start":{"line":26,"column":2},"end":{"line":30,"column":3}},"type":"if","locations":[{"start":{"line":26,"column":2},"end":{"line":30,"column":3}},{"start":{"line":28,"column":9},"end":{"line":30,"column":3}}],"line":26},"7":{"loc":{"start":{"line":26,"column":6},"end":{"line":26,"column":34}},"type":"binary-expr","locations":[{"start":{"line":26,"column":7},"end":{"line":26,"column":17}},{"start":{"line":26,"column":23},"end":{"line":26,"column":33}}],"line":26},"8":{"loc":{"start":{"line":34,"column":2},"end":{"line":40,"column":3}},"type":"if","locations":[{"start":{"line":34,"column":2},"end":{"line":40,"column":3}},{"start":{"line":36,"column":9},"end":{"line":40,"column":3}}],"line":34},"9":{"loc":{"start":{"line":34,"column":6},"end":{"line":34,"column":35}},"type":"binary-expr","locations":[{"start":{"line":34,"column":7},"end":{"line":34,"column":17}},{"start":{"line":34,"column":23},"end":{"line":34,"column":34}}],"line":34},"10":{"loc":{"start":{"line":36,"column":9},"end":{"line":40,"column":3}},"type":"if","locations":[{"start":{"line":36,"column":9},"end":{"line":40,"column":3}},{"start":{"line":38,"column":9},"end":{"line":40,"column":3}}],"line":36},"11":{"loc":{"start":{"line":36,"column":13},"end":{"line":36,"column":42}},"type":"binary-expr","locations":[{"start":{"line":36,"column":14},"end":{"line":36,"column":25}},{"start":{"line":36,"column":31},"end":{"line":36,"column":41}}],"line":36},"12":{"loc":{"start":{"line":44,"column":2},"end":{"line":48,"column":3}},"type":"if","locations":[{"start":{"line":44,"column":2},"end":{"line":48,"column":3}},{"start":{"line":46,"column":8},"end":{"line":48,"column":3}}],"line":44},"13":{"loc":{"start":{"line":52,"column":2},"end":{"line":56,"column":3}},"type":"if","locations":[{"start":{"line":52,"column":2},"end":{"line":56,"column":3}},{"start":{"line":54,"column":9},"end":{"line":56,"column":3}}],"line":52},"14":{"loc":{"start":{"line":60,"column":2},"end":{"line":64,"column":3}},"type":"if","locations":[{"start":{"line":60,"column":2},"end":{"line":64,"column":3}},{"start":{"line":62,"column":8},"end":{"line":64,"column":3}}],"line":60},"15":{"loc":{"start":{"line":68,"column":2},"end":{"line":72,"column":3}},"type":"if","locations":[{"start":{"line":68,"column":2},"end":{"line":72,"column":3}},{"start":{"line":70,"column":8},"end":{"line":72,"column":3}}],"line":68},"16":{"loc":{"start":{"line":76,"column":2},"end":{"line":80,"column":3}},"type":"if","locations":[{"start":{"line":76,"column":2},"end":{"line":80,"column":3}},{"start":{"line":78,"column":8},"end":{"line":80,"column":3}}],"line":76},"17":{"loc":{"start":{"line":84,"column":2},"end":{"line":88,"column":3}},"type":"if","locations":[{"start":{"line":84,"column":2},"end":{"line":88,"column":3}},{"start":{"line":86,"column":8},"end":{"line":88,"column":3}}],"line":84},"18":{"loc":{"start":{"line":93,"column":2},"end":{"line":97,"column":3}},"type":"if","locations":[{"start":{"line":93,"column":2},"end":{"line":97,"column":3}},{"start":{"line":95,"column":9},"end":{"line":97,"column":3}}],"line":93},"19":{"loc":{"start":{"line":101,"column":2},"end":{"line":105,"column":3}},"type":"if","locations":[{"start":{"line":101,"column":2},"end":{"line":105,"column":3}},{"start":{"line":103,"column":8},"end":{"line":105,"column":3}}],"line":101},"20":{"loc":{"start":{"line":110,"column":2},"end":{"line":112,"column":3}},"type":"if","locations":[{"start":{"line":110,"column":2},"end":{"line":112,"column":3}},{"start":{},"end":{}}],"line":110},"21":{"loc":{"start":{"line":116,"column":2},"end":{"line":118,"column":3}},"type":"if","locations":[{"start":{"line":116,"column":2},"end":{"line":118,"column":3}},{"start":{},"end":{}}],"line":116}},"s":{"0":2,"1":1,"2":1,"3":1,"4":4,"5":1,"6":3,"7":4,"8":3,"9":1,"10":4,"11":1,"12":3,"13":4,"14":1,"15":3,"16":1,"17":2,"18":9,"19":4,"20":5,"21":6,"22":3,"23":3,"24":3,"25":1,"26":2,"27":3,"28":2,"29":1,"30":4,"31":2,"32":2,"33":4,"34":2,"35":2,"36":4,"37":4,"38":2,"39":2,"40":3,"41":1,"42":2,"43":1,"44":1,"45":0,"46":1,"47":0,"48":1},"f":{"0":2,"1":4,"2":4,"3":4,"4":4,"5":9,"6":6,"7":3,"8":3,"9":4,"10":4,"11":4,"12":3,"13":1,"14":1},"b":{"0":[1,1],"1":[1,0],"2":[1,3],"3":[4,2],"4":[3,1],"5":[4,2],"6":[1,3],"7":[4,2],"8":[1,3],"9":[4,2],"10":[1,2],"11":[3,2],"12":[4,5],"13":[3,3],"14":[1,2],"15":[2,1],"16":[2,2],"17":[2,2],"18":[2,2],"19":[1,2],"20":[0,1],"21":[0,1]},"_coverageSchema":"1a1c01bbd47fc00a2c39e90264f33305004495a9","hash":"ba3cd1dd324e266783aa121cd80723751558a5bb"}
,"/Users/christopherpeakin/projects/javascript-basics/src/numbers.js": {"path":"/Users/christopherpeakin/projects/javascript-basics/src/numbers.js","statementMap":{"0":{"start":{"line":2,"column":2},"end":{"line":2,"column":15}},"1":{"start":{"line":6,"column":2},"end":{"line":6,"column":15}},"2":{"start":{"line":10,"column":2},"end":{"line":10,"column":15}},"3":{"start":{"line":14,"column":2},"end":{"line":14,"column":15}},"4":{"start":{"line":18,"column":2},"end":{"line":18,"column":16}},"5":{"start":{"line":22,"column":2},"end":{"line":22,"column":23}},"6":{"start":{"line":26,"column":2},"end":{"line":26,"column":22}},"7":{"start":{"line":30,"column":2},"end":{"line":30,"column":23}},"8":{"start":{"line":34,"column":2},"end":{"line":34,"column":21}},"9":{"start":{"line":38,"column":2},"end":{"line":42,"column":3}},"10":{"start":{"line":39,"column":4},"end":{"line":39,"column":26}},"11":{"start":{"line":41,"column":2},"end":{"line":41,"column":25}},"12":{"start":{"line":46,"column":2},"end":{"line":46,"column":15}},"13":{"start":{"line":49,"column":0},"end":{"line":61,"column":1}}},"fnMap":{"0":{"name":"add","decl":{"start":{"line":1,"column":9},"end":{"line":1,"column":12}},"loc":{"start":{"line":1,"column":20},"end":{"line":3,"column":1}},"line":1},"1":{"name":"subtract","decl":{"start":{"line":5,"column":9},"end":{"line":5,"column":17}},"loc":{"start":{"line":5,"column":25},"end":{"line":7,"column":1}},"line":5},"2":{"name":"multiply","decl":{"start":{"line":9,"column":9},"end":{"line":9,"column":17}},"loc":{"start":{"line":9,"column":25},"end":{"line":11,"column":1}},"line":9},"3":{"name":"divide","decl":{"start":{"line":13,"column":9},"end":{"line":13,"column":15}},"loc":{"start":{"line":13,"column":23},"end":{"line":15,"column":1}},"line":13},"4":{"name":"power","decl":{"start":{"line":17,"column":9},"end":{"line":17,"column":14}},"loc":{"start":{"line":17,"column":22},"end":{"line":19,"column":1}},"line":17},"5":{"name":"round","decl":{"start":{"line":21,"column":9},"end":{"line":21,"column":14}},"loc":{"start":{"line":21,"column":19},"end":{"line":23,"column":1}},"line":21},"6":{"name":"roundUp","decl":{"start":{"line":25,"column":9},"end":{"line":25,"column":16}},"loc":{"start":{"line":25,"column":21},"end":{"line":27,"column":1}},"line":25},"7":{"name":"roundDown","decl":{"start":{"line":29,"column":9},"end":{"line":29,"column":18}},"loc":{"start":{"line":29,"column":23},"end":{"line":31,"column":1}},"line":29},"8":{"name":"absolute","decl":{"start":{"line":33,"column":9},"end":{"line":33,"column":17}},"loc":{"start":{"line":33,"column":22},"end":{"line":35,"column":1}},"line":33},"9":{"name":"quotient","decl":{"start":{"line":37,"column":9},"end":{"line":37,"column":17}},"loc":{"start":{"line":37,"column":25},"end":{"line":43,"column":1}},"line":37},"10":{"name":"remainder","decl":{"start":{"line":45,"column":9},"end":{"line":45,"column":18}},"loc":{"start":{"line":45,"column":26},"end":{"line":47,"column":1}},"line":45}},"branchMap":{"0":{"loc":{"start":{"line":38,"column":2},"end":{"line":42,"column":3}},"type":"if","locations":[{"start":{"line":38,"column":2},"end":{"line":42,"column":3}},{"start":{"line":40,"column":8},"end":{"line":42,"column":3}}],"line":38}},"s":{"0":4,"1":5,"2":3,"3":4,"4":3,"5":3,"6":3,"7":3,"8":3,"9":4,"10":1,"11":3,"12":4,"13":1},"f":{"0":4,"1":5,"2":3,"3":4,"4":3,"5":3,"6":3,"7":3,"8":3,"9":4,"10":4},"b":{"0":[1,3]},"_coverageSchema":"1a1c01bbd47fc00a2c39e90264f33305004495a9","hash":"641e887ff532421d313dbadae2cbd4b582e09f2d"}
,"/Users/christopherpeakin/projects/javascript-basics/src/objects.js": {"path":"/Users/christopherpeakin/projects/javascript-basics/src/objects.js","statementMap":{"0":{"start":{"line":1,"column":21},"end":{"line":4,"column":1}},"1":{"start":{"line":2,"column":2},"end":{"line":3,"column":19}},"2":{"start":{"line":6,"column":16},"end":{"line":8,"column":1}},"3":{"start":{"line":7,"column":2},"end":{"line":7,"column":21}},"4":{"start":{"line":10,"column":20},"end":{"line":12,"column":1}},"5":{"start":{"line":11,"column":2},"end":{"line":11,"column":26}},"6":{"start":{"line":14,"column":20},"end":{"line":20,"column":1}},"7":{"start":{"line":15,"column":2},"end":{"line":19,"column":3}},"8":{"start":{"line":16,"column":4},"end":{"line":16,"column":16}},"9":{"start":{"line":18,"column":4},"end":{"line":18,"column":17}},"10":{"start":{"line":22,"column":17},"end":{"line":28,"column":1}},"11":{"start":{"line":23,"column":2},"end":{"line":27,"column":3}},"12":{"start":{"line":24,"column":4},"end":{"line":24,"column":16}},"13":{"start":{"line":26,"column":4},"end":{"line":26,"column":17}},"14":{"start":{"line":30,"column":16},"end":{"line":36,"column":1}},"15":{"start":{"line":31,"column":16},"end":{"line":31,"column":18}},"16":{"start":{"line":32,"column":2},"end":{"line":34,"column":3}},"17":{"start":{"line":32,"column":15},"end":{"line":32,"column":16}},"18":{"start":{"line":33,"column":2},"end":{"line":33,"column":30}},"19":{"start":{"line":35,"column":2},"end":{"line":35,"column":17}},"20":{"start":{"line":38,"column":19},"end":{"line":44,"column":1}},"21":{"start":{"line":39,"column":2},"end":{"line":43,"column":3}},"22":{"start":{"line":40,"column":4},"end":{"line":42,"column":5}},"23":{"start":{"line":41,"column":6},"end":{"line":41,"column":23}},"24":{"start":{"line":46,"column":19},"end":{"line":54,"column":1}},"25":{"start":{"line":47,"column":16},"end":{"line":47,"column":18}},"26":{"start":{"line":48,"column":2},"end":{"line":52,"column":3}},"27":{"start":{"line":48,"column":15},"end":{"line":48,"column":16}},"28":{"start":{"line":49,"column":4},"end":{"line":51,"column":5}},"29":{"start":{"line":50,"column":6},"end":{"line":50,"column":28}},"30":{"start":{"line":53,"column":2},"end":{"line":53,"column":17}},"31":{"start":{"line":56,"column":19},"end":{"line":62,"column":1}},"32":{"start":{"line":57,"column":14},"end":{"line":57,"column":15}},"33":{"start":{"line":58,"column":2},"end":{"line":60,"column":3}},"34":{"start":{"line":58,"column":15},"end":{"line":58,"column":16}},"35":{"start":{"line":59,"column":4},"end":{"line":59,"column":27}},"36":{"start":{"line":61,"column":2},"end":{"line":61,"column":33}},"37":{"start":{"line":64,"column":28},"end":{"line":72,"column":1}},"38":{"start":{"line":65,"column":2},"end":{"line":71,"column":4}},"39":{"start":{"line":69,"column":6},"end":{"line":69,"column":65}},"40":{"start":{"line":74,"column":0},"end":{"line":85,"column":2}}},"fnMap":{"0":{"name":"(anonymous_0)","decl":{"start":{"line":1,"column":21},"end":{"line":1,"column":22}},"loc":{"start":{"line":1,"column":36},"end":{"line":4,"column":1}},"line":1},"1":{"name":"(anonymous_1)","decl":{"start":{"line":6,"column":16},"end":{"line":6,"column":17}},"loc":{"start":{"line":6,"column":26},"end":{"line":8,"column":1}},"line":6},"2":{"name":"(anonymous_2)","decl":{"start":{"line":10,"column":20},"end":{"line":10,"column":21}},"loc":{"start":{"line":10,"column":42},"end":{"line":12,"column":1}},"line":10},"3":{"name":"(anonymous_3)","decl":{"start":{"line":14,"column":20},"end":{"line":14,"column":21}},"loc":{"start":{"line":14,"column":42},"end":{"line":20,"column":1}},"line":14},"4":{"name":"(anonymous_4)","decl":{"start":{"line":22,"column":17},"end":{"line":22,"column":18}},"loc":{"start":{"line":22,"column":27},"end":{"line":28,"column":1}},"line":22},"5":{"name":"(anonymous_5)","decl":{"start":{"line":30,"column":16},"end":{"line":30,"column":17}},"loc":{"start":{"line":30,"column":26},"end":{"line":36,"column":1}},"line":30},"6":{"name":"(anonymous_6)","decl":{"start":{"line":38,"column":19},"end":{"line":38,"column":20}},"loc":{"start":{"line":38,"column":37},"end":{"line":44,"column":1}},"line":38},"7":{"name":"(anonymous_7)","decl":{"start":{"line":46,"column":19},"end":{"line":46,"column":20}},"loc":{"start":{"line":46,"column":27},"end":{"line":54,"column":1}},"line":46},"8":{"name":"(anonymous_8)","decl":{"start":{"line":56,"column":19},"end":{"line":56,"column":20}},"loc":{"start":{"line":56,"column":29},"end":{"line":62,"column":1}},"line":56},"9":{"name":"(anonymous_9)","decl":{"start":{"line":64,"column":28},"end":{"line":64,"column":29}},"loc":{"start":{"line":64,"column":43},"end":{"line":72,"column":1}},"line":64},"10":{"name":"(anonymous_10)","decl":{"start":{"line":68,"column":17},"end":{"line":68,"column":18}},"loc":{"start":{"line":68,"column":30},"end":{"line":70,"column":5}},"line":68}},"branchMap":{"0":{"loc":{"start":{"line":15,"column":2},"end":{"line":19,"column":3}},"type":"if","locations":[{"start":{"line":15,"column":2},"end":{"line":19,"column":3}},{"start":{"line":17,"column":9},"end":{"line":19,"column":3}}],"line":15},"1":{"loc":{"start":{"line":23,"column":2},"end":{"line":27,"column":3}},"type":"if","locations":[{"start":{"line":23,"column":2},"end":{"line":27,"column":3}},{"start":{"line":25,"column":9},"end":{"line":27,"column":3}}],"line":23},"2":{"loc":{"start":{"line":40,"column":4},"end":{"line":42,"column":5}},"type":"if","locations":[{"start":{"line":40,"column":4},"end":{"line":42,"column":5}},{"start":{},"end":{}}],"line":40},"3":{"loc":{"start":{"line":49,"column":4},"end":{"line":51,"column":5}},"type":"if","locations":[{"start":{"line":49,"column":4},"end":{"line":51,"column":5}},{"start":{},"end":{}}],"line":49}},"s":{"0":1,"1":2,"2":1,"3":1,"4":1,"5":1,"6":1,"7":2,"8":1,"9":1,"10":1,"11":3,"12":1,"13":2,"14":1,"15":1,"16":1,"17":1,"18":3,"19":1,"20":1,"21":2,"22":4,"23":2,"24":1,"25":1,"26":1,"27":1,"28":4,"29":2,"30":1,"31":1,"32":1,"33":1,"34":1,"35":3,"36":1,"37":1,"38":1,"39":1,"40":1},"f":{"0":2,"1":1,"2":1,"3":2,"4":3,"5":1,"6":2,"7":1,"8":1,"9":1,"10":1},"b":{"0":[1,1],"1":[1,2],"2":[2,2],"3":[2,2]},"_coverageSchema":"1a1c01bbd47fc00a2c39e90264f33305004495a9","hash":"e46ae0f66c52148f19d754a44da84dbbf2def7da"}
,"/Users/christopherpeakin/projects/javascript-basics/src/strings.js": {"path":"/Users/christopherpeakin/projects/javascript-basics/src/strings.js","statementMap":{"0":{"start":{"line":2,"column":4},"end":{"line":2,"column":36}},"1":{"start":{"line":6,"column":2},"end":{"line":6,"column":30}},"2":{"start":{"line":10,"column":2},"end":{"line":10,"column":30}},"3":{"start":{"line":14,"column":2},"end":{"line":14,"column":23}},"4":{"start":{"line":18,"column":2},"end":{"line":18,"column":19}},"5":{"start":{"line":22,"column":2},"end":{"line":22,"column":32}},"6":{"start":{"line":25,"column":0},"end":{"line":32,"column":2}}},"fnMap":{"0":{"name":"sayHello","decl":{"start":{"line":1,"column":9},"end":{"line":1,"column":17}},"loc":{"start":{"line":1,"column":26},"end":{"line":3,"column":3}},"line":1},"1":{"name":"uppercase","decl":{"start":{"line":5,"column":9},"end":{"line":5,"column":18}},"loc":{"start":{"line":5,"column":28},"end":{"line":7,"column":1}},"line":5},"2":{"name":"lowercase","decl":{"start":{"line":9,"column":9},"end":{"line":9,"column":18}},"loc":{"start":{"line":9,"column":28},"end":{"line":11,"column":1}},"line":9},"3":{"name":"countCharacters","decl":{"start":{"line":13,"column":9},"end":{"line":13,"column":24}},"loc":{"start":{"line":13,"column":34},"end":{"line":15,"column":1}},"line":13},"4":{"name":"firstCharacter","decl":{"start":{"line":17,"column":9},"end":{"line":17,"column":23}},"loc":{"start":{"line":17,"column":33},"end":{"line":19,"column":1}},"line":17},"5":{"name":"firstCharacters","decl":{"start":{"line":21,"column":9},"end":{"line":21,"column":24}},"loc":{"start":{"line":21,"column":37},"end":{"line":23,"column":1}},"line":21}},"branchMap":{},"s":{"0":3,"1":3,"2":3,"3":3,"4":3,"5":2,"6":1},"f":{"0":3,"1":3,"2":3,"3":3,"4":3,"5":2},"b":{},"_coverageSchema":"1a1c01bbd47fc00a2c39e90264f33305004495a9","hash":"0203961e71f700fec9d373d6529e5856e232615c"}
}
