TN:
SF:src/arrays.js
FN:1,(anonymous_0)
FN:9,(anonymous_1)
FN:13,(anonymous_2)
FN:17,(anonymous_3)
FN:21,(anonymous_4)
FN:26,(anonymous_5)
FN:30,(anonymous_6)
FN:38,(anonymous_7)
FN:46,(anonymous_8)
FN:64,(anonymous_9)
FN:76,(anonymous_10)
FN:82,(anonymous_11)
FN:87,(anonymous_12)
FN:90,(anonymous_13)
FN:103,(anonymous_14)
FN:112,(anonymous_15)
FNF:16
FNH:15
FNDA:5,(anonymous_0)
FNDA:2,(anonymous_1)
FNDA:2,(anonymous_2)
FNDA:2,(anonymous_3)
FNDA:2,(anonymous_4)
FNDA:1,(anonymous_5)
FNDA:1,(anonymous_6)
FNDA:1,(anonymous_7)
FNDA:1,(anonymous_8)
FNDA:1,(anonymous_9)
FNDA:1,(anonymous_10)
FNDA:2,(anonymous_11)
FNDA:52,(anonymous_12)
FNDA:2,(anonymous_13)
FNDA:1,(anonymous_14)
FNDA:0,(anonymous_15)
DA:1,1
DA:2,5
DA:3,2
DA:5,3
DA:9,1
DA:10,2
DA:13,1
DA:14,2
DA:17,1
DA:18,2
DA:21,1
DA:22,2
DA:23,2
DA:26,1
DA:27,1
DA:30,1
DA:31,1
DA:32,1
DA:33,3
DA:35,1
DA:38,1
DA:39,1
DA:40,1
DA:41,3
DA:43,1
DA:46,1
DA:50,1
DA:52,1
DA:55,3
DA:56,3
DA:57,14
DA:59,3
DA:61,1
DA:64,1
DA:65,1
DA:66,1
DA:69,8
DA:70,4
DA:73,1
DA:76,1
DA:77,1
DA:78,1
DA:79,1
DA:82,1
DA:87,52
DA:90,1
DA:91,2
DA:95,2
DA:96,52
DA:97,41
DA:100,2
DA:103,1
DA:104,1
DA:106,1
DA:107,6
DA:109,1
DA:112,1
DA:113,0
DA:114,0
DA:119,1
LF:60
LH:58
BRDA:2,0,0,2
BRDA:2,0,1,3
BRDA:69,1,0,4
BRDA:69,1,1,4
BRDA:96,2,0,41
BRDA:96,2,1,11
BRF:6
BRH:6
end_of_record
TN:
SF:src/booleans.js
FN:1,negate
FN:9,both
FN:17,either
FN:25,none
FN:33,one
FN:43,truthiness
FN:51,isEqual
FN:59,isGreaterThan
FN:67,isLessThanOrEqualTo
FN:75,isOdd
FN:83,isEven
FN:91,isSquare
FN:100,startsWith
FN:108,containsVowels
FN:115,isLowerCase
FNF:15
FNH:15
FNDA:2,negate
FNDA:4,both
FNDA:4,either
FNDA:4,none
FNDA:4,one
FNDA:9,truthiness
FNDA:6,isEqual
FNDA:3,isGreaterThan
FNDA:3,isLessThanOrEqualTo
FNDA:4,isOdd
FNDA:4,isEven
FNDA:4,isSquare
FNDA:3,startsWith
FNDA:1,containsVowels
FNDA:1,isLowerCase
DA:2,2
DA:3,1
DA:4,1
DA:5,1
DA:10,4
DA:11,1
DA:13,3
DA:18,4
DA:19,3
DA:21,1
DA:26,4
DA:27,1
DA:29,3
DA:34,4
DA:35,1
DA:36,3
DA:37,1
DA:39,2
DA:44,9
DA:45,4
DA:47,5
DA:52,6
DA:53,3
DA:55,3
DA:60,3
DA:61,1
DA:63,2
DA:68,3
DA:69,2
DA:71,1
DA:76,4
DA:77,2
DA:79,2
DA:84,4
DA:85,2
DA:87,2
DA:92,4
DA:93,4
DA:94,2
DA:96,2
DA:101,3
DA:102,1
DA:104,2
DA:109,1
DA:110,1
DA:111,0
DA:116,1
DA:117,0
DA:121,1
LF:49
LH:47
BRDA:2,0,0,1
BRDA:2,0,1,1
BRDA:4,1,0,1
BRDA:4,1,1,0
BRDA:10,2,0,1
BRDA:10,2,1,3
BRDA:10,3,0,4
BRDA:10,3,1,2
BRDA:18,4,0,3
BRDA:18,4,1,1
BRDA:18,5,0,4
BRDA:18,5,1,2
BRDA:26,6,0,1
BRDA:26,6,1,3
BRDA:26,7,0,4
BRDA:26,7,1,2
BRDA:34,8,0,1
BRDA:34,8,1,3
BRDA:34,9,0,4
BRDA:34,9,1,2
BRDA:36,10,0,1
BRDA:36,10,1,2
BRDA:36,11,0,3
BRDA:36,11,1,2
BRDA:44,12,0,4
BRDA:44,12,1,5
BRDA:52,13,0,3
BRDA:52,13,1,3
BRDA:60,14,0,1
BRDA:60,14,1,2
BRDA:68,15,0,2
BRDA:68,15,1,1
BRDA:76,16,0,2
BRDA:76,16,1,2
BRDA:84,17,0,2
BRDA:84,17,1,2
BRDA:93,18,0,2
BRDA:93,18,1,2
BRDA:101,19,0,1
BRDA:101,19,1,2
BRDA:110,20,0,0
BRDA:110,20,1,1
BRDA:116,21,0,0
BRDA:116,21,1,1
BRF:44
BRH:41
end_of_record
TN:
SF:src/numbers.js
FN:1,add
FN:5,subtract
FN:9,multiply
FN:13,divide
FN:17,power
FN:21,round
FN:25,roundUp
FN:29,roundDown
FN:33,absolute
FN:37,quotient
FN:45,remainder
FNF:11
FNH:11
FNDA:4,add
FNDA:5,subtract
FNDA:3,multiply
FNDA:4,divide
FNDA:3,power
FNDA:3,round
FNDA:3,roundUp
FNDA:3,roundDown
FNDA:3,absolute
FNDA:4,quotient
FNDA:4,remainder
DA:2,4
DA:6,5
DA:10,3
DA:14,4
DA:18,3
DA:22,3
DA:26,3
DA:30,3
DA:34,3
DA:38,4
DA:39,1
DA:41,3
DA:46,4
DA:49,1
LF:14
LH:14
BRDA:38,0,0,1
BRDA:38,0,1,3
BRF:2
BRH:2
end_of_record
TN:
SF:src/objects.js
FN:1,(anonymous_0)
FN:6,(anonymous_1)
FN:10,(anonymous_2)
FN:14,(anonymous_3)
FN:22,(anonymous_4)
FN:30,(anonymous_5)
FN:38,(anonymous_6)
FN:46,(anonymous_7)
FN:56,(anonymous_8)
FN:64,(anonymous_9)
FN:68,(anonymous_10)
FNF:11
FNH:11
FNDA:2,(anonymous_0)
FNDA:1,(anonymous_1)
FNDA:1,(anonymous_2)
FNDA:2,(anonymous_3)
FNDA:3,(anonymous_4)
FNDA:1,(anonymous_5)
FNDA:2,(anonymous_6)
FNDA:1,(anonymous_7)
FNDA:1,(anonymous_8)
FNDA:1,(anonymous_9)
FNDA:1,(anonymous_10)
DA:1,1
DA:2,2
DA:6,1
DA:7,1
DA:10,1
DA:11,1
DA:14,1
DA:15,2
DA:16,1
DA:18,1
DA:22,1
DA:23,3
DA:24,1
DA:26,2
DA:30,1
DA:31,1
DA:32,1
DA:33,3
DA:35,1
DA:38,1
DA:39,2
DA:40,4
DA:41,2
DA:46,1
DA:47,1
DA:48,1
DA:49,4
DA:50,2
DA:53,1
DA:56,1
DA:57,1
DA:58,1
DA:59,3
DA:61,1
DA:64,1
DA:65,1
DA:69,1
DA:74,1
LF:38
LH:38
BRDA:15,0,0,1
BRDA:15,0,1,1
BRDA:23,1,0,1
BRDA:23,1,1,2
BRDA:40,2,0,2
BRDA:40,2,1,2
BRDA:49,3,0,2
BRDA:49,3,1,2
BRF:8
BRH:8
end_of_record
TN:
SF:src/strings.js
FN:1,sayHello
FN:5,uppercase
FN:9,lowercase
FN:13,countCharacters
FN:17,firstCharacter
FN:21,firstCharacters
FNF:6
FNH:6
FNDA:3,sayHello
FNDA:3,uppercase
FNDA:3,lowercase
FNDA:3,countCharacters
FNDA:3,firstCharacter
FNDA:2,firstCharacters
DA:2,3
DA:6,3
DA:10,3
DA:14,3
DA:18,3
DA:22,2
DA:25,1
LF:7
LH:7
BRF:0
BRH:0
end_of_record
